<?xml version="1.0" encoding="UTF-8"?>
<testng-results skipped="0" failed="0" ignored="0" total="3" passed="3">
  <reporter-output>
  </reporter-output>
  <suite name="Command line suite" duration-ms="125415" started-at="2019-02-10T06:11:22Z" finished-at="2019-02-10T06:13:27Z">
    <groups>
    </groups>
    <test name="Command line test" duration-ms="125415" started-at="2019-02-10T06:11:22Z" finished-at="2019-02-10T06:13:27Z">
      <class name="testng.example.FrameworkTest">
        <test-method status="PASS" signature="openUrl()[pri:0, instance:testng.example.FrameworkTest@6442b0a6]" name="openUrl" is-config="true" duration-ms="5569" started-at="2019-02-10T06:13:01Z" finished-at="2019-02-10T06:13:07Z">
          <reporter-output>
          </reporter-output>
        </test-method> <!-- openUrl -->
        <test-method status="PASS" signature="loginTest()[pri:0, instance:testng.example.FrameworkTest@6442b0a6]" name="loginTest" duration-ms="6269" started-at="2019-02-10T06:13:07Z" finished-at="2019-02-10T06:13:13Z">
          <reporter-output>
          </reporter-output>
        </test-method> <!-- loginTest -->
        <test-method status="PASS" signature="afterMethod()[pri:0, instance:testng.example.FrameworkTest@6442b0a6]" name="afterMethod" is-config="true" duration-ms="11" started-at="2019-02-10T06:13:13Z" finished-at="2019-02-10T06:13:13Z">
          <reporter-output>
          </reporter-output>
        </test-method> <!-- afterMethod -->
      </class> <!-- testng.example.FrameworkTest -->
      <class name="testng.example.Framework2Test">
        <test-method status="PASS" signature="environmentSetup()[pri:0, instance:testng.example.Framework2Test@67b64c45]" name="environmentSetup" is-config="true" duration-ms="11061" started-at="2019-02-10T06:11:22Z" finished-at="2019-02-10T06:11:33Z">
          <reporter-output>
          </reporter-output>
        </test-method> <!-- environmentSetup -->
        <test-method status="PASS" signature="environmentSetup()[pri:0, instance:testng.example.Framework3Test@4411d970]" name="environmentSetup" is-config="true" duration-ms="27310" started-at="2019-02-10T06:11:33Z" finished-at="2019-02-10T06:12:00Z">
          <reporter-output>
          </reporter-output>
        </test-method> <!-- environmentSetup -->
        <test-method status="PASS" signature="environmentSetup()[pri:0, instance:testng.example.FrameworkTest@6442b0a6]" name="environmentSetup" is-config="true" duration-ms="25892" started-at="2019-02-10T06:12:00Z" finished-at="2019-02-10T06:12:26Z">
          <reporter-output>
          </reporter-output>
        </test-method> <!-- environmentSetup -->
        <test-method status="PASS" signature="openUrl()[pri:0, instance:testng.example.Framework2Test@67b64c45]" name="openUrl" is-config="true" duration-ms="11571" started-at="2019-02-10T06:12:26Z" finished-at="2019-02-10T06:12:38Z">
          <reporter-output>
          </reporter-output>
        </test-method> <!-- openUrl -->
        <test-method status="PASS" signature="loginTest()[pri:0, instance:testng.example.Framework2Test@67b64c45]" name="loginTest" duration-ms="6341" started-at="2019-02-10T06:12:38Z" finished-at="2019-02-10T06:12:44Z">
          <reporter-output>
          </reporter-output>
        </test-method> <!-- loginTest -->
        <test-method status="PASS" signature="afterMethod()[pri:0, instance:testng.example.Framework2Test@67b64c45]" name="afterMethod" is-config="true" duration-ms="39" started-at="2019-02-10T06:12:44Z" finished-at="2019-02-10T06:12:44Z">
          <reporter-output>
          </reporter-output>
        </test-method> <!-- afterMethod -->
        <test-method status="PASS" signature="afterTest()[pri:0, instance:testng.example.Framework2Test@67b64c45]" name="afterTest" is-config="true" duration-ms="6785" started-at="2019-02-10T06:13:13Z" finished-at="2019-02-10T06:13:20Z">
          <reporter-output>
          </reporter-output>
        </test-method> <!-- afterTest -->
        <test-method status="PASS" signature="afterTest()[pri:0, instance:testng.example.Framework3Test@4411d970]" name="afterTest" is-config="true" duration-ms="3836" started-at="2019-02-10T06:13:20Z" finished-at="2019-02-10T06:13:24Z">
          <reporter-output>
          </reporter-output>
        </test-method> <!-- afterTest -->
        <test-method status="PASS" signature="afterTest()[pri:0, instance:testng.example.FrameworkTest@6442b0a6]" name="afterTest" is-config="true" duration-ms="3028" started-at="2019-02-10T06:13:24Z" finished-at="2019-02-10T06:13:27Z">
          <reporter-output>
          </reporter-output>
        </test-method> <!-- afterTest -->
      </class> <!-- testng.example.Framework2Test -->
      <class name="testng.example.Framework3Test">
        <test-method status="PASS" signature="openUrl()[pri:0, instance:testng.example.Framework3Test@4411d970]" name="openUrl" is-config="true" duration-ms="10493" started-at="2019-02-10T06:12:44Z" finished-at="2019-02-10T06:12:55Z">
          <reporter-output>
          </reporter-output>
        </test-method> <!-- openUrl -->
        <test-method status="PASS" signature="loginTest()[pri:0, instance:testng.example.Framework3Test@4411d970]" name="loginTest" duration-ms="6482" started-at="2019-02-10T06:12:55Z" finished-at="2019-02-10T06:13:01Z">
          <reporter-output>
          </reporter-output>
        </test-method> <!-- loginTest -->
        <test-method status="FAIL" signature="afterMethod()[pri:0, instance:testng.example.Framework3Test@4411d970]" name="afterMethod" is-config="true" duration-ms="15" started-at="2019-02-10T06:13:01Z" finished-at="2019-02-10T06:13:01Z">
          <exception class="java.lang.AssertionError">
            <message>
              <![CDATA[expected [Facebook] but found [Facebook – log in or sign up]]]>
            </message>
            <full-stacktrace>
              <![CDATA[java.lang.AssertionError: expected [Facebook] but found [Facebook – log in or sign up]
at org.testng.Assert.fail(Assert.java:96)
at org.testng.Assert.failNotEquals(Assert.java:776)
at org.testng.Assert.assertEqualsImpl(Assert.java:137)
at org.testng.Assert.assertEquals(Assert.java:118)
at org.testng.Assert.assertEquals(Assert.java:453)
at org.testng.Assert.assertEquals(Assert.java:463)
at testng.example.Framework3Test.afterMethod(Framework3Test.java:29)
at sun.reflect.NativeMethodAccessorImpl.invoke0(Native Method)
at sun.reflect.NativeMethodAccessorImpl.invoke(Unknown Source)
at sun.reflect.DelegatingMethodAccessorImpl.invoke(Unknown Source)
at java.lang.reflect.Method.invoke(Unknown Source)
at org.testng.internal.MethodInvocationHelper.invokeMethod(MethodInvocationHelper.java:124)
at org.testng.internal.MethodInvocationHelper.invokeMethodConsideringTimeout(MethodInvocationHelper.java:59)
at org.testng.internal.Invoker.invokeConfigurationMethod(Invoker.java:458)
at org.testng.internal.Invoker.invokeConfigurations(Invoker.java:222)
at org.testng.internal.Invoker.invokeMethod(Invoker.java:646)
at org.testng.internal.Invoker.invokeTestMethod(Invoker.java:719)
at org.testng.internal.Invoker.invokeTestMethods(Invoker.java:989)
at org.testng.internal.TestMethodWorker.invokeTestMethods(TestMethodWorker.java:125)
at org.testng.internal.TestMethodWorker.run(TestMethodWorker.java:109)
at org.testng.TestRunner.privateRun(TestRunner.java:648)
at org.testng.TestRunner.run(TestRunner.java:505)
at org.testng.SuiteRunner.runTest(SuiteRunner.java:455)
at org.testng.SuiteRunner.runSequentially(SuiteRunner.java:450)
at org.testng.SuiteRunner.privateRun(SuiteRunner.java:415)
at org.testng.SuiteRunner.run(SuiteRunner.java:364)
at org.testng.SuiteRunnerWorker.runSuite(SuiteRunnerWorker.java:52)
at org.testng.SuiteRunnerWorker.run(SuiteRunnerWorker.java:84)
at org.testng.TestNG.runSuitesSequentially(TestNG.java:1208)
at org.testng.TestNG.runSuitesLocally(TestNG.java:1137)
at org.testng.TestNG.runSuites(TestNG.java:1049)
at org.testng.TestNG.run(TestNG.java:1017)
at org.apache.maven.surefire.testng.TestNGExecutor.run(TestNGExecutor.java:77)
at org.apache.maven.surefire.testng.TestNGDirectoryTestSuite.executeMulti(TestNGDirectoryTestSuite.java:159)
at org.apache.maven.surefire.testng.TestNGDirectoryTestSuite.execute(TestNGDirectoryTestSuite.java:99)
at org.apache.maven.surefire.testng.TestNGProvider.invoke(TestNGProvider.java:106)
at sun.reflect.NativeMethodAccessorImpl.invoke0(Native Method)
at sun.reflect.NativeMethodAccessorImpl.invoke(Unknown Source)
at sun.reflect.DelegatingMethodAccessorImpl.invoke(Unknown Source)
at java.lang.reflect.Method.invoke(Unknown Source)
at org.apache.maven.surefire.util.ReflectionUtils.invokeMethodWithArray(ReflectionUtils.java:189)
at org.apache.maven.surefire.booter.ProviderFactory$ProviderProxy.invoke(ProviderFactory.java:165)
at org.apache.maven.surefire.booter.ProviderFactory.invokeProvider(ProviderFactory.java:85)
at org.apache.maven.surefire.booter.ForkedBooter.runSuitesInProcess(ForkedBooter.java:115)
at org.apache.maven.surefire.booter.ForkedBooter.main(ForkedBooter.java:75)
]]>
            </full-stacktrace>
          </exception> <!-- java.lang.AssertionError -->
          <reporter-output>
          </reporter-output>
        </test-method> <!-- afterMethod -->
      </class> <!-- testng.example.Framework3Test -->
    </test> <!-- Command line test -->
  </suite> <!-- Command line suite -->
</testng-results>
