<?xml version="1.0" encoding="UTF-8"?>
<!-- Generated by org.testng.reporters.JUnitXMLReporter -->
<testsuite hostname="TRIPTI-PC" ignored="0" name="Command line test" tests="3" failures="0" timestamp="10 Feb 2019 06:13:27 GMT" time="125.415" errors="0">
  <testcase name="@AfterMethod afterMethod" time="0.015" classname="testng.example.Framework3Test">
    <failure type="java.lang.AssertionError" message="expected [Facebook] but found [Facebook – log in or sign up]">
      <![CDATA[java.lang.AssertionError: expected [Facebook] but found [Facebook – log in or sign up]
at testng.example.Framework3Test.afterMethod(Framework3Test.java:29)
... Removed 44 stack frames]]>
    </failure>
  </testcase> <!-- @AfterMethod afterMethod -->
  <testcase name="loginTest" time="6.341" classname="testng.example.Framework2Test"/>
  <testcase name="loginTest" time="6.482" classname="testng.example.Framework3Test"/>
  <testcase name="loginTest" time="6.269" classname="testng.example.FrameworkTest"/>
</testsuite> <!-- Command line test -->
